<?xml version="1.0" encoding="UTF-8"?>
<testng-results ignored="0" total="1" passed="1" failed="0" skipped="0">
  <reporter-output>
  </reporter-output>
  <suite started-at="2020-06-15T17:09:01Z" name="Default suite" finished-at="2020-06-15T17:09:23Z" duration-ms="22372">
    <groups>
    </groups>
    <test started-at="2020-06-15T17:09:01Z" name="Default test" finished-at="2020-06-15T17:09:23Z" duration-ms="22372">
      <class name="Test_PUT">
        <test-method signature="test1()[pri:0, instance:Test_PUT@78b1cc93]" started-at="2020-06-15T17:09:01Z" name="test1" finished-at="2020-06-15T17:09:23Z" duration-ms="22321" status="PASS">
          <reporter-output>
          </reporter-output>
        </test-method> <!-- test1 -->
      </class> <!-- Test_PUT -->
    </test> <!-- Default test -->
  </suite> <!-- Default suite -->
</testng-results>
